<?xml version="1.0" encoding="UTF-8"?>
<!-- Generated by org.testng.reporters.JUnitXMLReporter -->
<testsuite ignored="0" hostname="DESKTOP-3EEUE6J" failures="0" tests="4" name="test" time="47.349" errors="0" timestamp="05 Jan 2022 20:08:16 GMT">
  <testcase classname="Maventest.LoginLogoutjunit" name="test" time="7.198"/>
  <testcase classname="Maventest.loginadmin" name="login" time="5.304"/>
  <testcase classname="Maventest.loginadmin" name="redirect" time="4.797"/>
  <testcase classname="Maventest.loginadmin" name="adminlog" time="1.621"/>
</testsuite> <!-- test -->
