<?xml version="1.0" encoding="UTF-8"?>
<testng-results ignored="0" total="4" passed="4" failed="0" skipped="0">
  <reporter-output>
  </reporter-output>
  <suite started-at="2022-01-05T20:07:28Z" name="suite" finished-at="2022-01-05T20:08:16Z" duration-ms="47349">
    <groups>
    </groups>
    <test started-at="2022-01-05T20:07:28Z" name="test" finished-at="2022-01-05T20:08:16Z" duration-ms="47349">
      <class name="Maventest.loginadmin">
        <test-method is-config="true" signature="launchbrowser()[pri:0, instance:Maventest.loginadmin@6743e411]" started-at="2022-01-05T20:07:51Z" name="launchbrowser" finished-at="2022-01-05T20:08:03Z" duration-ms="11529" status="PASS">
          <reporter-output>
          </reporter-output>
        </test-method> <!-- launchbrowser -->
        <test-method signature="login()[pri:1, instance:Maventest.loginadmin@6743e411]" started-at="2022-01-05T20:08:03Z" name="login" finished-at="2022-01-05T20:08:08Z" duration-ms="5304" status="PASS">
          <reporter-output>
          </reporter-output>
        </test-method> <!-- login -->
        <test-method signature="redirect()[pri:2, instance:Maventest.loginadmin@6743e411]" started-at="2022-01-05T20:08:08Z" name="redirect" finished-at="2022-01-05T20:08:13Z" duration-ms="4797" status="PASS">
          <reporter-output>
          </reporter-output>
        </test-method> <!-- redirect -->
        <test-method signature="adminlog()[pri:3, instance:Maventest.loginadmin@6743e411]" started-at="2022-01-05T20:08:13Z" name="adminlog" finished-at="2022-01-05T20:08:15Z" duration-ms="1621" status="PASS">
          <reporter-output>
          </reporter-output>
        </test-method> <!-- adminlog -->
        <test-method is-config="true" signature="closebrowser()[pri:0, instance:Maventest.loginadmin@6743e411]" started-at="2022-01-05T20:08:15Z" name="closebrowser" finished-at="2022-01-05T20:08:16Z" duration-ms="849" status="PASS">
          <reporter-output>
          </reporter-output>
        </test-method> <!-- closebrowser -->
      </class> <!-- Maventest.loginadmin -->
      <class name="Maventest.LoginLogoutjunit">
        <test-method is-config="true" signature="setup()[pri:0, instance:Maventest.LoginLogoutjunit@3eb25e1a]" started-at="2022-01-05T20:07:28Z" name="setup" finished-at="2022-01-05T20:07:43Z" duration-ms="14598" status="PASS">
          <reporter-output>
          </reporter-output>
        </test-method> <!-- setup -->
        <test-method signature="test()[pri:0, instance:Maventest.LoginLogoutjunit@3eb25e1a]" started-at="2022-01-05T20:07:43Z" name="test" finished-at="2022-01-05T20:07:50Z" duration-ms="7198" status="PASS">
          <reporter-output>
          </reporter-output>
        </test-method> <!-- test -->
        <test-method is-config="true" signature="close()[pri:0, instance:Maventest.LoginLogoutjunit@3eb25e1a]" started-at="2022-01-05T20:07:50Z" name="close" finished-at="2022-01-05T20:07:51Z" duration-ms="1385" status="PASS">
          <reporter-output>
          </reporter-output>
        </test-method> <!-- close -->
      </class> <!-- Maventest.LoginLogoutjunit -->
    </test> <!-- test -->
  </suite> <!-- suite -->
</testng-results>
